<?xml version="1.0" encoding="UTF-8"?>
<!-- Generated by org.testng.reporters.JUnitXMLReporter -->
<testsuite hostname="DESKTOP-MD5MIM9" ignored="0" name="Test" tests="1" failures="1" timestamp="2020-05-08T16:26:15 IST" time="1.664" errors="0">
  <testcase name="f" time="1.628" classname="MyTest.AmazonTest">
    <failure type="java.lang.NoSuchMethodError" message="com.google.common.collect.ImmutableList.toImmutableList()Ljava/util/stream/Collector;">
      <![CDATA[java.lang.NoSuchMethodError: com.google.common.collect.ImmutableList.toImmutableList()Ljava/util/stream/Collector;
at org.openqa.selenium.chrome.ChromeOptions.asMap(ChromeOptions.java:292)
at org.openqa.selenium.remote.NewSessionPayload.create(NewSessionPayload.java:94)
at org.openqa.selenium.remote.ProtocolHandshake.createSession(ProtocolHandshake.java:68)
at org.openqa.selenium.remote.HttpCommandExecutor.execute(HttpCommandExecutor.java:136)
at org.openqa.selenium.remote.service.DriverCommandExecutor.execute(DriverCommandExecutor.java:83)
at org.openqa.selenium.remote.RemoteWebDriver.execute(RemoteWebDriver.java:552)
at org.openqa.selenium.remote.RemoteWebDriver.startSession(RemoteWebDriver.java:213)
at org.openqa.selenium.remote.RemoteWebDriver.<init>(RemoteWebDriver.java:131)
at org.openqa.selenium.chrome.ChromeDriver.<init>(ChromeDriver.java:181)
at org.openqa.selenium.chrome.ChromeDriver.<init>(ChromeDriver.java:168)
at org.openqa.selenium.chrome.ChromeDriver.<init>(ChromeDriver.java:123)
at MyTest.AmazonTest.f(AmazonTest.java:15)
at java.util.ArrayList.forEach(Unknown Source)
... Removed 27 stack frames]]>
    </failure>
  </testcase> <!-- f -->
</testsuite> <!-- Test -->
