<?xml version="1.0" encoding="UTF-8"?>
<testng-results skipped="0" failed="0" ignored="0" total="1" passed="1">
  <reporter-output>
  </reporter-output>
  <suite name="Suite" duration-ms="10175" started-at="2020-05-09T01:29:28 IST" finished-at="2020-05-09T01:29:39 IST">
    <groups>
    </groups>
    <test name="Test" duration-ms="10175" started-at="2020-05-09T01:29:28 IST" finished-at="2020-05-09T01:29:39 IST">
      <class name="Mydemo.EbayTest">
        <test-method status="PASS" signature="Search()[pri:0, instance:Mydemo.EbayTest@598067a5]" name="Search" duration-ms="10133" started-at="2020-05-09T01:29:28 IST" finished-at="2020-05-09T01:29:39 IST">
          <reporter-output>
          </reporter-output>
        </test-method> <!-- Search -->
      </class> <!-- Mydemo.EbayTest -->
    </test> <!-- Test -->
  </suite> <!-- Suite -->
</testng-results>
